 * Serving Flask app 'unified_app'
 * Debug mode: on
2025-09-30 12:42:44,191 - werkzeug - INFO - [31m[1mWARNING: This is a development server. Do not use it in a production deployment. Use a production WSGI server instead.[0m
 * Running on http://127.0.0.1:5000
2025-09-30 12:42:44,191 - werkzeug - INFO - [33mPress CTRL+C to quit[0m
2025-09-30 12:42:44,191 - werkzeug - INFO -  * Restarting with stat
2025-09-30 12:42:44,414 - werkzeug - WARNING -  * Debugger is active!
2025-09-30 12:42:44,418 - werkzeug - INFO -  * Debugger PIN: 102-335-875
2025-09-30 12:43:35,867 - config.database - INFO - Database connection established
2025-09-30 12:43:35,896 - werkzeug - INFO - 127.0.0.1 - - [30/Sep/2025 12:43:35] "GET /authoring/posts/60/sections/author-first-drafts HTTP/1.1" 200 -
2025-09-30 12:43:37,827 - config.database - INFO - Database connection established
2025-09-30 12:43:37,828 - blueprints.authoring - ERROR - Error in api_generate_section_draft: column "section_subtitle" does not exist
LINE 3:                        section_subtitle, section_topics, cul...
                               ^
2025-09-30 12:43:37,829 - werkzeug - INFO - 127.0.0.1 - - [30/Sep/2025 12:43:37] "[35m[1mPOST /authoring/api/posts/60/sections/1/generate HTTP/1.1[0m" 500 -
2025-09-30 12:43:58,230 - werkzeug - INFO -  * Detected change in '/Users/autojenny/Documents/projects/blog/blueprints/authoring.py', reloading
2025-09-30 12:43:58,258 - werkzeug - INFO -  * Restarting with stat
2025-09-30 12:43:58,490 - werkzeug - WARNING -  * Debugger is active!
2025-09-30 12:43:58,495 - werkzeug - INFO -  * Debugger PIN: 102-335-875
2025-09-30 12:44:04,893 - werkzeug - INFO -  * Detected change in '/Users/autojenny/Documents/projects/blog/blueprints/authoring.py', reloading
2025-09-30 12:44:04,925 - werkzeug - INFO -  * Restarting with stat
2025-09-30 12:44:05,155 - werkzeug - WARNING -  * Debugger is active!
2025-09-30 12:44:05,161 - werkzeug - INFO -  * Debugger PIN: 102-335-875
2025-09-30 12:44:10,501 - werkzeug - INFO -  * Detected change in '/Users/autojenny/Documents/projects/blog/blueprints/authoring.py', reloading
2025-09-30 12:44:10,535 - werkzeug - INFO -  * Restarting with stat
2025-09-30 12:44:10,762 - werkzeug - WARNING -  * Debugger is active!
2025-09-30 12:44:10,769 - werkzeug - INFO -  * Debugger PIN: 102-335-875
2025-09-30 12:44:11,834 - config.database - INFO - Database connection established
2025-09-30 12:44:11,837 - werkzeug - INFO - 127.0.0.1 - - [30/Sep/2025 12:44:11] "[33mPOST /authoring/api/posts/60/sections/1/generate HTTP/1.1[0m" 404 -
2025-09-30 12:44:13,398 - config.database - INFO - Database connection established
2025-09-30 12:44:13,400 - werkzeug - INFO - 127.0.0.1 - - [30/Sep/2025 12:44:13] "GET /authoring/api/posts/60/sections HTTP/1.1" 200 -
2025-09-30 12:44:15,171 - config.database - INFO - Database connection established
2025-09-30 12:44:15,173 - blueprints.authoring - ERROR - Error in api_generate_section_draft: column "description" does not exist
LINE 2:                 SELECT title, description, sections
                                      ^
2025-09-30 12:44:15,173 - werkzeug - INFO - 127.0.0.1 - - [30/Sep/2025 12:44:15] "[35m[1mPOST /authoring/api/posts/60/sections/762/generate HTTP/1.1[0m" 500 -
2025-09-30 12:44:28,798 - werkzeug - INFO -  * Detected change in '/Users/autojenny/Documents/projects/blog/blueprints/authoring.py', reloading
2025-09-30 12:44:28,839 - werkzeug - INFO -  * Restarting with stat
2025-09-30 12:44:29,063 - werkzeug - WARNING -  * Debugger is active!
2025-09-30 12:44:29,068 - werkzeug - INFO -  * Debugger PIN: 102-335-875
2025-09-30 12:44:34,445 - config.database - INFO - Database connection established
2025-09-30 12:44:34,447 - blueprints.authoring - ERROR - Error in api_generate_section_draft: column "sections" does not exist
LINE 2:                 SELECT title, summary, sections
                                               ^
2025-09-30 12:44:34,447 - werkzeug - INFO - 127.0.0.1 - - [30/Sep/2025 12:44:34] "[35m[1mPOST /authoring/api/posts/60/sections/762/generate HTTP/1.1[0m" 500 -
2025-09-30 12:44:50,352 - werkzeug - INFO -  * Detected change in '/Users/autojenny/Documents/projects/blog/blueprints/authoring.py', reloading
2025-09-30 12:44:50,381 - werkzeug - INFO -  * Restarting with stat
2025-09-30 12:44:50,606 - werkzeug - WARNING -  * Debugger is active!
2025-09-30 12:44:50,611 - werkzeug - INFO -  * Debugger PIN: 102-335-875
2025-09-30 12:44:51,684 - config.database - INFO - Database connection established
2025-09-30 12:44:51,687 - blueprints.authoring - ERROR - Error in api_generate_section_draft: 'str' object has no attribute 'get'
2025-09-30 12:44:51,688 - werkzeug - INFO - 127.0.0.1 - - [30/Sep/2025 12:44:51] "[35m[1mPOST /authoring/api/posts/60/sections/762/generate HTTP/1.1[0m" 500 -
2025-09-30 12:45:03,349 - werkzeug - INFO -  * Detected change in '/Users/autojenny/Documents/projects/blog/blueprints/authoring.py', reloading
2025-09-30 12:45:03,383 - werkzeug - INFO -  * Restarting with stat
2025-09-30 12:45:03,605 - werkzeug - WARNING -  * Debugger is active!
2025-09-30 12:45:03,611 - werkzeug - INFO -  * Debugger PIN: 102-335-875
2025-09-30 12:45:04,718 - config.database - INFO - Database connection established
2025-09-30 12:45:04,723 - blueprints.authoring - ERROR - Error in api_generate_section_draft: No module named 'modules'
2025-09-30 12:45:04,724 - werkzeug - INFO - 127.0.0.1 - - [30/Sep/2025 12:45:04] "[35m[1mPOST /authoring/api/posts/60/sections/762/generate HTTP/1.1[0m" 500 -
2025-09-30 12:45:25,969 - werkzeug - INFO -  * Detected change in '/Users/autojenny/Documents/projects/blog/blueprints/authoring.py', reloading
2025-09-30 12:45:26,007 - werkzeug - INFO -  * Restarting with stat
2025-09-30 12:45:26,236 - werkzeug - WARNING -  * Debugger is active!
2025-09-30 12:45:26,243 - werkzeug - INFO -  * Debugger PIN: 102-335-875
2025-09-30 12:45:32,630 - werkzeug - INFO -  * Detected change in '/Users/autojenny/Documents/projects/blog/blueprints/authoring.py', reloading
2025-09-30 12:45:32,660 - werkzeug - INFO -  * Restarting with stat
2025-09-30 12:45:32,890 - werkzeug - WARNING -  * Debugger is active!
2025-09-30 12:45:32,895 - werkzeug - INFO -  * Debugger PIN: 102-335-875
2025-09-30 12:45:33,927 - config.database - INFO - Database connection established
2025-09-30 12:45:33,933 - blueprints.authoring - INFO - Generating draft for section 762 of post 60
2025-09-30 12:45:33,935 - urllib3.connectionpool - DEBUG - Starting new HTTP connection (1): localhost:11434
2025-09-30 12:45:38,786 - urllib3.connectionpool - DEBUG - http://localhost:11434 "POST /api/chat HTTP/1.1" 200 None
2025-09-30 12:45:38,787 - blueprints.authoring - ERROR - Error in api_generate_section_draft: column "updated_at" of relation "post_section" does not exist
LINE 3: ...             SET draft = $1, status = 'complete', updated_at...
                                                             ^
2025-09-30 12:45:38,788 - werkzeug - INFO - 127.0.0.1 - - [30/Sep/2025 12:45:38] "[35m[1mPOST /authoring/api/posts/60/sections/762/generate HTTP/1.1[0m" 500 -
2025-09-30 12:45:43,534 - werkzeug - INFO -  * Detected change in '/Users/autojenny/Documents/projects/blog/blueprints/authoring.py', reloading
2025-09-30 12:45:43,562 - werkzeug - INFO -  * Restarting with stat
2025-09-30 12:45:43,794 - werkzeug - WARNING -  * Debugger is active!
2025-09-30 12:45:43,800 - werkzeug - INFO -  * Debugger PIN: 102-335-875
2025-09-30 12:45:46,097 - config.database - INFO - Database connection established
2025-09-30 12:45:46,101 - blueprints.authoring - INFO - Generating draft for section 762 of post 60
2025-09-30 12:45:46,102 - urllib3.connectionpool - DEBUG - Starting new HTTP connection (1): localhost:11434
2025-09-30 12:45:49,809 - urllib3.connectionpool - DEBUG - http://localhost:11434 "POST /api/chat HTTP/1.1" 200 None
2025-09-30 12:45:49,812 - werkzeug - INFO - 127.0.0.1 - - [30/Sep/2025 12:45:49] "POST /authoring/api/posts/60/sections/762/generate HTTP/1.1" 200 -
2025-09-30 12:45:55,513 - config.database - INFO - Database connection established
2025-09-30 12:45:55,516 - werkzeug - INFO - 127.0.0.1 - - [30/Sep/2025 12:45:55] "GET /authoring/api/posts/60/sections/762 HTTP/1.1" 200 -
2025-09-30 12:46:01,909 - werkzeug - INFO -  * Detected change in '/Users/autojenny/Documents/projects/blog/blueprints/authoring.py', reloading
2025-09-30 12:46:01,947 - werkzeug - INFO -  * Restarting with stat
2025-09-30 12:46:02,182 - werkzeug - WARNING -  * Debugger is active!
2025-09-30 12:46:02,187 - werkzeug - INFO -  * Debugger PIN: 102-335-875
2025-09-30 12:46:06,966 - werkzeug - INFO - 127.0.0.1 - - [30/Sep/2025 12:46:06] "[33mGET /authoring/posts/60/sections/author_first_drafts HTTP/1.1[0m" 404 -
2025-09-30 12:46:11,108 - werkzeug - INFO - 127.0.0.1 - - [30/Sep/2025 12:46:11] "[33mGET /apple-touch-icon-precomposed.png HTTP/1.1[0m" 404 -
2025-09-30 12:46:11,110 - werkzeug - INFO - 127.0.0.1 - - [30/Sep/2025 12:46:11] "[33mGET /apple-touch-icon.png HTTP/1.1[0m" 404 -
2025-09-30 12:46:11,112 - werkzeug - INFO - 127.0.0.1 - - [30/Sep/2025 12:46:11] "[33mGET /favicon.ico HTTP/1.1[0m" 404 -
/opt/homebrew/Cellar/python@3.13/3.13.2/Frameworks/Python.framework/Versions/3.13/lib/python3.13/multiprocessing/resource_tracker.py:277: UserWarning: resource_tracker: There appear to be 1 leaked semaphore objects to clean up at shutdown: {'/mp-muj65fss'}
  warnings.warn(
