Thu Sep 25 18:13:09 BST 2025: Starting complete posting system
Thu Sep 25 18:13:09 BST 2025: Running automated posting scheduler
Thu Sep 25 18:13:09 BST 2025: Running posting executor
Thu Sep 25 18:13:09 BST 2025: Scheduler exit code: 0, Executor exit code: 0
Thu Sep 25 18:13:09 BST 2025: Complete posting system completed successfully
Thu Sep 25 18:13:57 BST 2025: Starting complete posting system
Thu Sep 25 18:13:57 BST 2025: Running automated posting scheduler
Thu Sep 25 18:13:58 BST 2025: Running posting executor
Thu Sep 25 18:13:58 BST 2025: Scheduler exit code: 0, Executor exit code: 1
Thu Sep 25 18:13:58 BST 2025: Complete posting system failed
Thu Sep 25 18:14:13 BST 2025: Starting complete posting system
Thu Sep 25 18:14:13 BST 2025: Running automated posting scheduler
Thu Sep 25 18:14:14 BST 2025: Running posting executor
Thu Sep 25 18:14:14 BST 2025: Scheduler exit code: 0, Executor exit code: 0
Thu Sep 25 18:14:14 BST 2025: Complete posting system completed successfully
Thu Sep 25 18:14:35 BST 2025: Starting complete posting system
Thu Sep 25 18:14:35 BST 2025: Running automated posting scheduler
Thu Sep 25 18:14:35 BST 2025: Running posting executor
Thu Sep 25 18:14:35 BST 2025: Scheduler exit code: 0, Executor exit code: 0
Thu Sep 25 18:14:35 BST 2025: Complete posting system completed successfully
Thu Sep 25 18:14:44 BST 2025: Starting complete posting system
Thu Sep 25 18:14:44 BST 2025: Running automated posting scheduler
Thu Sep 25 18:14:45 BST 2025: Running posting executor
Thu Sep 25 18:14:45 BST 2025: Scheduler exit code: 0, Executor exit code: 0
Thu Sep 25 18:14:45 BST 2025: Complete posting system completed successfully
Thu Sep 25 18:14:59 BST 2025: Starting complete posting system
Thu Sep 25 18:14:59 BST 2025: Running automated posting scheduler
Thu Sep 25 18:14:59 BST 2025: Running posting executor
Thu Sep 25 18:14:59 BST 2025: Scheduler exit code: 0, Executor exit code: 0
Thu Sep 25 18:14:59 BST 2025: Complete posting system completed successfully
Thu Sep 25 18:16:23 BST 2025: Starting complete posting system
Thu Sep 25 18:16:23 BST 2025: Running automated posting scheduler
Thu Sep 25 18:16:23 BST 2025: Running posting executor
Thu Sep 25 18:16:23 BST 2025: Scheduler exit code: 0, Executor exit code: 0
Thu Sep 25 18:16:23 BST 2025: Complete posting system completed successfully
Thu Sep 25 19:46:31 BST 2025: Starting complete posting system
Thu Sep 25 19:46:31 BST 2025: Running automated posting scheduler
Thu Sep 25 19:46:32 BST 2025: Running posting executor
Thu Sep 25 19:46:42 BST 2025: Scheduler exit code: 0, Executor exit code: 0
Thu Sep 25 19:46:42 BST 2025: Complete posting system completed successfully
